c:\users\msknb\シューティングゲーム\debug\vc142.pdb
c:\users\msknb\シューティングゲーム\debug\vc142.idb
c:\users\msknb\シューティングゲーム\debug\fpsfanction.obj
c:\users\msknb\シューティングゲーム\debug\mainextern.obj
c:\users\msknb\シューティングゲーム\debug\playercontrol.obj
c:\users\msknb\シューティングゲーム\debug\background.obj
c:\users\msknb\シューティングゲーム\debug\initialization.obj
c:\users\msknb\シューティングゲーム\debug\img_sound_load.obj
c:\users\msknb\シューティングゲーム\debug\main.obj
c:\users\msknb\シューティングゲーム\debug\gpupdatekey.obj
c:\users\msknb\シューティングゲーム\debug\fpstimefanction.obj
c:\users\msknb\シューティングゲーム\debug\mainp.obj
c:\users\msknb\シューティングゲーム\debug\enemy.obj
c:\users\msknb\シューティングゲーム\debug\enemy_shot.obj
c:\users\msknb\シューティングゲーム\debug\シューティングゲーム.exe
c:\users\msknb\シューティングゲーム\debug\シューティングゲーム.ilk
c:\users\msknb\シューティングゲーム\debug\シューティングゲーム.pdb
c:\users\msknb\シューティングゲーム\debug\fps.obj
c:\users\msknb\シューティングゲーム\debug\test.obj
c:\users\msknb\シューティングゲーム\debug\シューティングゲーム.tlog\cl.command.1.tlog
c:\users\msknb\シューティングゲーム\debug\シューティングゲーム.tlog\cl.read.1.tlog
c:\users\msknb\シューティングゲーム\debug\シューティングゲーム.tlog\cl.write.1.tlog
c:\users\msknb\シューティングゲーム\debug\シューティングゲーム.tlog\link.command.1.tlog
c:\users\msknb\シューティングゲーム\debug\シューティングゲーム.tlog\link.read.1.tlog
c:\users\msknb\シューティングゲーム\debug\シューティングゲーム.tlog\link.write.1.tlog
